# JRE version: Java(TM) SE Runtime Environment (8.0_102-b14) (build 1.8.0_102-b14)
# Java VM: Java HotSpot(TM) 64-Bit Server VM (25.102-b14 mixed mode windows-amd64 compressed oops)
Heap:
 PSYoungGen      total 267264K, used 117608K [0x0000000715a00000, 0x000000072e000000, 0x00000007c0000000)
  eden space 245760K, 39% used [0x0000000715a00000,0x000000071b890970,0x0000000724a00000)
  from space 21504K, 96% used [0x0000000725f00000,0x0000000727349968,0x0000000727400000)
  to   space 21504K, 90% used [0x0000000724a00000,0x0000000725ce7bc0,0x0000000725f00000)
 ParOldGen       total 240640K, used 18491K [0x00000005c0e00000, 0x00000005cf900000, 0x0000000715a00000)
  object space 240640K, 7% used [0x00000005c0e00000,0x00000005c200eca8,0x00000005cf900000)
 Metaspace       used 34816K, capacity 35394K, committed 35456K, reserved 1081344K
  class space    used 4321K, capacity 4462K, committed 4480K, reserved 1048576K
GC Heap History (10 events):
Event: 0.934 GC heap after
Heap after GC invocations=1 (full 0):
 PSYoungGen      total 153088K, used 19317K [0x0000000715a00000, 0x0000000728500000, 0x00000007c0000000)
  eden space 131584K, 0% used [0x0000000715a00000,0x0000000715a00000,0x000000071da80000)
  from space 21504K, 89% used [0x000000071da80000,0x000000071ed5d468,0x000000071ef80000)
  to   space 21504K, 0% used [0x0000000727000000,0x0000000727000000,0x0000000728500000)
 ParOldGen       total 349696K, used 88K [0x00000005c0e00000, 0x00000005d6380000, 0x0000000715a00000)
  object space 349696K, 0% used [0x00000005c0e00000,0x00000005c0e16010,0x00000005d6380000)
 Metaspace       used 20785K, capacity 21088K, committed 21296K, reserved 1069056K
  class space    used 2579K, capacity 2659K, committed 2688K, reserved 1048576K
}
Event: 0.934 GC heap before
{Heap before GC invocations=2 (full 1):
 PSYoungGen      total 153088K, used 19317K [0x0000000715a00000, 0x0000000728500000, 0x00000007c0000000)
  eden space 131584K, 0% used [0x0000000715a00000,0x0000000715a00000,0x000000071da80000)
  from space 21504K, 89% used [0x000000071da80000,0x000000071ed5d468,0x000000071ef80000)
  to   space 21504K, 0% used [0x0000000727000000,0x0000000727000000,0x0000000728500000)
 ParOldGen       total 349696K, used 88K [0x00000005c0e00000, 0x00000005d6380000, 0x0000000715a00000)
  object space 349696K, 0% used [0x00000005c0e00000,0x00000005c0e16010,0x00000005d6380000)
 Metaspace       used 20785K, capacity 21088K, committed 21296K, reserved 1069056K
  class space    used 2579K, capacity 2659K, committed 2688K, reserved 1048576K
Event: 0.957 GC heap after
Heap after GC invocations=2 (full 1):
 PSYoungGen      total 153088K, used 0K [0x0000000715a00000, 0x0000000728500000, 0x00000007c0000000)
  eden space 131584K, 0% used [0x0000000715a00000,0x0000000715a00000,0x000000071da80000)
  from space 21504K, 0% used [0x000000071da80000,0x000000071da80000,0x000000071ef80000)
  to   space 21504K, 0% used [0x0000000727000000,0x0000000727000000,0x0000000728500000)
 ParOldGen       total 240640K, used 18459K [0x00000005c0e00000, 0x00000005cf900000, 0x0000000715a00000)
  object space 240640K, 7% used [0x00000005c0e00000,0x00000005c2006ca8,0x00000005cf900000)
 Metaspace       used 20785K, capacity 21088K, committed 21296K, reserved 1069056K
  class space    used 2579K, capacity 2659K, committed 2688K, reserved 1048576K
}
Event: 1.481 GC heap before
{Heap before GC invocations=3 (full 1):
 PSYoungGen      total 153088K, used 131584K [0x0000000715a00000, 0x0000000728500000, 0x00000007c0000000)
  eden space 131584K, 100% used [0x0000000715a00000,0x000000071da80000,0x000000071da80000)
  from space 21504K, 0% used [0x000000071da80000,0x000000071da80000,0x000000071ef80000)
  to   space 21504K, 0% used [0x0000000727000000,0x0000000727000000,0x0000000728500000)
 ParOldGen       total 240640K, used 18459K [0x00000005c0e00000, 0x00000005cf900000, 0x0000000715a00000)
  object space 240640K, 7% used [0x00000005c0e00000,0x00000005c2006ca8,0x00000005cf900000)
 Metaspace       used 23157K, capacity 23446K, committed 23808K, reserved 1071104K
  class space    used 2894K, capacity 2988K, committed 3072K, reserved 1048576K
Event: 1.487 GC heap after
Heap after GC invocations=3 (full 1):
 PSYoungGen      total 177664K, used 6193K [0x0000000715a00000, 0x0000000727680000, 0x00000007c0000000)
  eden space 171008K, 0% used [0x0000000715a00000,0x0000000715a00000,0x0000000720100000)
  from space 6656K, 93% used [0x0000000727000000,0x000000072760c6b0,0x0000000727680000)
  to   space 21504K, 0% used [0x0000000724c80000,0x0000000724c80000,0x0000000726180000)
 ParOldGen       total 240640K, used 18467K [0x00000005c0e00000, 0x00000005cf900000, 0x0000000715a00000)
  object space 240640K, 7% used [0x00000005c0e00000,0x00000005c2008ca8,0x00000005cf900000)
 Metaspace       used 23157K, capacity 23446K, committed 23808K, reserved 1071104K
  class space    used 2894K, capacity 2988K, committed 3072K, reserved 1048576K
}
Event: 2.390 GC heap before
{Heap before GC invocations=4 (full 1):
 PSYoungGen      total 177664K, used 177201K [0x0000000715a00000, 0x0000000727680000, 0x00000007c0000000)
  eden space 171008K, 100% used [0x0000000715a00000,0x0000000720100000,0x0000000720100000)
  from space 6656K, 93% used [0x0000000727000000,0x000000072760c6b0,0x0000000727680000)
  to   space 21504K, 0% used [0x0000000724c80000,0x0000000724c80000,0x0000000726180000)
 ParOldGen       total 240640K, used 18467K [0x00000005c0e00000, 0x00000005cf900000, 0x0000000715a00000)
  object space 240640K, 7% used [0x00000005c0e00000,0x00000005c2008ca8,0x00000005cf900000)
 Metaspace       used 29345K, capacity 29640K, committed 30080K, reserved 1075200K
  class space    used 3636K, capacity 3711K, committed 3712K, reserved 1048576K
Event: 2.424 GC heap after
Heap after GC invocations=4 (full 1):
 PSYoungGen      total 259584K, used 13566K [0x0000000715a00000, 0x0000000727400000, 0x00000007c0000000)
  eden space 245760K, 0% used [0x0000000715a00000,0x0000000715a00000,0x0000000724a00000)
  from space 13824K, 98% used [0x0000000724c80000,0x00000007259bf9a0,0x0000000725a00000)
  to   space 21504K, 0% used [0x0000000725f00000,0x0000000725f00000,0x0000000727400000)
 ParOldGen       total 240640K, used 18475K [0x00000005c0e00000, 0x00000005cf900000, 0x0000000715a00000)
  object space 240640K, 7% used [0x00000005c0e00000,0x00000005c200aca8,0x00000005cf900000)
 Metaspace       used 29345K, capacity 29640K, committed 30080K, reserved 1075200K
  class space    used 3636K, capacity 3711K, committed 3712K, reserved 1048576K
}
Event: 3.493 GC heap before
{Heap before GC invocations=5 (full 1):
 PSYoungGen      total 259584K, used 259326K [0x0000000715a00000, 0x0000000727400000, 0x00000007c0000000)
  eden space 245760K, 100% used [0x0000000715a00000,0x0000000724a00000,0x0000000724a00000)
  from space 13824K, 98% used [0x0000000724c80000,0x00000007259bf9a0,0x0000000725a00000)
  to   space 21504K, 0% used [0x0000000725f00000,0x0000000725f00000,0x0000000727400000)
 ParOldGen       total 240640K, used 18475K [0x00000005c0e00000, 0x00000005cf900000, 0x0000000715a00000)
  object space 240640K, 7% used [0x00000005c0e00000,0x00000005c200aca8,0x00000005cf900000)
 Metaspace       used 33569K, capacity 34020K, committed 34304K, reserved 1079296K
  class space    used 4187K, capacity 4313K, committed 4352K, reserved 1048576K
Event: 3.519 GC heap after
Heap after GC invocations=5 (full 1):
 PSYoungGen      total 267264K, used 20774K [0x0000000715a00000, 0x000000072e000000, 0x00000007c0000000)
  eden space 245760K, 0% used [0x0000000715a00000,0x0000000715a00000,0x0000000724a00000)
  from space 21504K, 96% used [0x0000000725f00000,0x0000000727349968,0x0000000727400000)
  to   space 21504K, 0% used [0x0000000724a00000,0x0000000724a00000,0x0000000725f00000)
 ParOldGen       total 240640K, used 18483K [0x00000005c0e00000, 0x00000005cf900000, 0x0000000715a00000)
  object space 240640K, 7% used [0x00000005c0e00000,0x00000005c200cca8,0x00000005cf900000)
 Metaspace       used 33569K, capacity 34020K, committed 34304K, reserved 1079296K
  class space    used 4187K, capacity 4313K, committed 4352K, reserved 1048576K
}
Event: 3.867 GC heap before
{Heap before GC invocations=6 (full 1):
 PSYoungGen      total 267264K, used 117608K [0x0000000715a00000, 0x000000072e000000, 0x00000007c0000000)
  eden space 245760K, 39% used [0x0000000715a00000,0x000000071b890970,0x0000000724a00000)
  from space 21504K, 96% used [0x0000000725f00000,0x0000000727349968,0x0000000727400000)
  to   space 21504K, 0% used [0x0000000724a00000,0x0000000724a00000,0x0000000725f00000)
 ParOldGen       total 240640K, used 18483K [0x00000005c0e00000, 0x00000005cf900000, 0x0000000715a00000)
  object space 240640K, 7% used [0x00000005c0e00000,0x00000005c200cca8,0x00000005cf900000)
 Metaspace       used 34816K, capacity 35394K, committed 35456K, reserved 1081344K
  class space    used 4321K, capacity 4462K, committed 4480K, reserved 1048576K

